<?xml version="1.0" encoding="UTF-8"?>
<!-- Generated by org.testng.reporters.JUnitReportReporter -->
<testsuite hostname="c-noutmirzageldiev" failures="0" tests="3" name="com.example.UserManagementTest" time="11.700" errors="0" timestamp="2025-05-31T09:33:09 GMT+05:00" skipped="0">
  <testcase classname="com.example.UserManagementTest" name="testUserRegistration" time="5.373"/>
  <testcase classname="com.example.UserManagementTest" name="testProfileUpdate" time="2.491"/>
  <testcase classname="com.example.UserManagementTest" name="testLogoutAndReLogin" time="3.836"/>
</testsuite> <!-- com.example.UserManagementTest -->
